# JRE version: Java(TM) SE Runtime Environment (8.0_45-b15) (build 1.8.0_45-b15)
# Java VM: Java HotSpot(TM) 64-Bit Server VM (25.45-b02 mixed mode windows-amd64 compressed oops)
Heap:
 PSYoungGen      total 76800K, used 49323K [0x00000000e0000000, 0x00000000e7f80000, 0x0000000100000000)
  eden space 65536K, 63% used [0x00000000e0000000,0x00000000e285d200,0x00000000e4000000)
  from space 11264K, 70% used [0x00000000e4000000,0x00000000e47cda28,0x00000000e4b00000)
  to   space 11264K, 0% used [0x00000000e7480000,0x00000000e7480000,0x00000000e7f80000)
 ParOldGen       total 58368K, used 9425K [0x00000000a0000000, 0x00000000a3900000, 0x00000000e0000000)
  object space 58368K, 16% used [0x00000000a0000000,0x00000000a09344a8,0x00000000a3900000)
 Metaspace       used 33097K, capacity 33770K, committed 33920K, reserved 1083392K
  class space    used 4471K, capacity 4688K, committed 4736K, reserved 1048576K
GC Heap History (10 events):
Event: 2.702 GC heap before
{Heap before GC invocations=4 (full 0):
 PSYoungGen      total 38400K, used 38392K [0x00000000e0000000, 0x00000000e2a80000, 0x0000000100000000)
  eden space 33280K, 100% used [0x00000000e0000000,0x00000000e2080000,0x00000000e2080000)
  from space 5120K, 99% used [0x00000000e2080000,0x00000000e257e030,0x00000000e2580000)
  to   space 5120K, 0% used [0x00000000e2580000,0x00000000e2580000,0x00000000e2a80000)
 ParOldGen       total 87552K, used 1386K [0x00000000a0000000, 0x00000000a5580000, 0x00000000e0000000)
  object space 87552K, 1% used [0x00000000a0000000,0x00000000a015aaa0,0x00000000a5580000)
 Metaspace       used 15310K, capacity 15768K, committed 15872K, reserved 1062912K
  class space    used 2085K, capacity 2244K, committed 2304K, reserved 1048576K
Event: 2.710 GC heap after
Heap after GC invocations=4 (full 0):
 PSYoungGen      total 38400K, used 5096K [0x00000000e0000000, 0x00000000e4b00000, 0x0000000100000000)
  eden space 33280K, 0% used [0x00000000e0000000,0x00000000e0000000,0x00000000e2080000)
  from space 5120K, 99% used [0x00000000e2580000,0x00000000e2a7a040,0x00000000e2a80000)
  to   space 5120K, 0% used [0x00000000e2080000,0x00000000e2080000,0x00000000e2580000)
 ParOldGen       total 87552K, used 4206K [0x00000000a0000000, 0x00000000a5580000, 0x00000000e0000000)
  object space 87552K, 4% used [0x00000000a0000000,0x00000000a041b9f8,0x00000000a5580000)
 Metaspace       used 15310K, capacity 15768K, committed 15872K, reserved 1062912K
  class space    used 2085K, capacity 2244K, committed 2304K, reserved 1048576K
}
Event: 3.073 GC heap before
{Heap before GC invocations=5 (full 0):
 PSYoungGen      total 38400K, used 38376K [0x00000000e0000000, 0x00000000e4b00000, 0x0000000100000000)
  eden space 33280K, 100% used [0x00000000e0000000,0x00000000e2080000,0x00000000e2080000)
  from space 5120K, 99% used [0x00000000e2580000,0x00000000e2a7a040,0x00000000e2a80000)
  to   space 5120K, 0% used [0x00000000e2080000,0x00000000e2080000,0x00000000e2580000)
 ParOldGen       total 87552K, used 4206K [0x00000000a0000000, 0x00000000a5580000, 0x00000000e0000000)
  object space 87552K, 4% used [0x00000000a0000000,0x00000000a041b9f8,0x00000000a5580000)
 Metaspace       used 18068K, capacity 18598K, committed 18944K, reserved 1064960K
  class space    used 2532K, capacity 2693K, committed 2816K, reserved 1048576K
Event: 3.085 GC heap after
Heap after GC invocations=5 (full 0):
 PSYoungGen      total 38400K, used 5096K [0x00000000e0000000, 0x00000000e5500000, 0x0000000100000000)
  eden space 33280K, 0% used [0x00000000e0000000,0x00000000e0000000,0x00000000e2080000)
  from space 5120K, 99% used [0x00000000e2080000,0x00000000e257a040,0x00000000e2580000)
  to   space 10240K, 0% used [0x00000000e4b00000,0x00000000e4b00000,0x00000000e5500000)
 ParOldGen       total 87552K, used 7604K [0x00000000a0000000, 0x00000000a5580000, 0x00000000e0000000)
  object space 87552K, 8% used [0x00000000a0000000,0x00000000a076d0e0,0x00000000a5580000)
 Metaspace       used 18068K, capacity 18598K, committed 18944K, reserved 1064960K
  class space    used 2532K, capacity 2693K, committed 2816K, reserved 1048576K
}
Event: 8.778 GC heap before
{Heap before GC invocations=6 (full 0):
 PSYoungGen      total 38400K, used 36314K [0x00000000e0000000, 0x00000000e5500000, 0x0000000100000000)
  eden space 33280K, 93% used [0x00000000e0000000,0x00000000e1e7cac8,0x00000000e2080000)
  from space 5120K, 99% used [0x00000000e2080000,0x00000000e257a040,0x00000000e2580000)
  to   space 10240K, 0% used [0x00000000e4b00000,0x00000000e4b00000,0x00000000e5500000)
 ParOldGen       total 87552K, used 7604K [0x00000000a0000000, 0x00000000a5580000, 0x00000000e0000000)
  object space 87552K, 8% used [0x00000000a0000000,0x00000000a076d0e0,0x00000000a5580000)
 Metaspace       used 20496K, capacity 21192K, committed 21296K, reserved 1067008K
  class space    used 2941K, capacity 3150K, committed 3200K, reserved 1048576K
Event: 8.785 GC heap after
Heap after GC invocations=6 (full 0):
 PSYoungGen      total 75776K, used 8645K [0x00000000e0000000, 0x00000000e5700000, 0x0000000100000000)
  eden space 65536K, 0% used [0x00000000e0000000,0x00000000e0000000,0x00000000e4000000)
  from space 10240K, 84% used [0x00000000e4b00000,0x00000000e5371460,0x00000000e5500000)
  to   space 11264K, 0% used [0x00000000e4000000,0x00000000e4000000,0x00000000e4b00000)
 ParOldGen       total 87552K, used 7612K [0x00000000a0000000, 0x00000000a5580000, 0x00000000e0000000)
  object space 87552K, 8% used [0x00000000a0000000,0x00000000a076f0e0,0x00000000a5580000)
 Metaspace       used 20496K, capacity 21192K, committed 21296K, reserved 1067008K
  class space    used 2941K, capacity 3150K, committed 3200K, reserved 1048576K
}
Event: 8.785 GC heap before
{Heap before GC invocations=7 (full 1):
 PSYoungGen      total 75776K, used 8645K [0x00000000e0000000, 0x00000000e5700000, 0x0000000100000000)
  eden space 65536K, 0% used [0x00000000e0000000,0x00000000e0000000,0x00000000e4000000)
  from space 10240K, 84% used [0x00000000e4b00000,0x00000000e5371460,0x00000000e5500000)
  to   space 11264K, 0% used [0x00000000e4000000,0x00000000e4000000,0x00000000e4b00000)
 ParOldGen       total 87552K, used 7612K [0x00000000a0000000, 0x00000000a5580000, 0x00000000e0000000)
  object space 87552K, 8% used [0x00000000a0000000,0x00000000a076f0e0,0x00000000a5580000)
 Metaspace       used 20496K, capacity 21192K, committed 21296K, reserved 1067008K
  class space    used 2941K, capacity 3150K, committed 3200K, reserved 1048576K
Event: 8.838 GC heap after
Heap after GC invocations=7 (full 1):
 PSYoungGen      total 75776K, used 0K [0x00000000e0000000, 0x00000000e5700000, 0x0000000100000000)
  eden space 65536K, 0% used [0x00000000e0000000,0x00000000e0000000,0x00000000e4000000)
  from space 10240K, 0% used [0x00000000e4b00000,0x00000000e4b00000,0x00000000e5500000)
  to   space 11264K, 0% used [0x00000000e4000000,0x00000000e4000000,0x00000000e4b00000)
 ParOldGen       total 58368K, used 9417K [0x00000000a0000000, 0x00000000a3900000, 0x00000000e0000000)
  object space 58368K, 16% used [0x00000000a0000000,0x00000000a09324a8,0x00000000a3900000)
 Metaspace       used 20496K, capacity 21192K, committed 21296K, reserved 1067008K
  class space    used 2941K, capacity 3150K, committed 3200K, reserved 1048576K
}
Event: 9.707 GC heap before
{Heap before GC invocations=8 (full 1):
 PSYoungGen      total 75776K, used 65536K [0x00000000e0000000, 0x00000000e5700000, 0x0000000100000000)
  eden space 65536K, 100% used [0x00000000e0000000,0x00000000e4000000,0x00000000e4000000)
  from space 10240K, 0% used [0x00000000e4b00000,0x00000000e4b00000,0x00000000e5500000)
  to   space 11264K, 0% used [0x00000000e4000000,0x00000000e4000000,0x00000000e4b00000)
 ParOldGen       total 58368K, used 9417K [0x00000000a0000000, 0x00000000a3900000, 0x00000000e0000000)
  object space 58368K, 16% used [0x00000000a0000000,0x00000000a09324a8,0x00000000a3900000)
 Metaspace       used 27287K, capacity 27978K, committed 28160K, reserved 1073152K
  class space    used 3838K, capacity 4063K, committed 4096K, reserved 1048576K
Event: 9.714 GC heap after
Heap after GC invocations=8 (full 1):
 PSYoungGen      total 76800K, used 7990K [0x00000000e0000000, 0x00000000e7f80000, 0x0000000100000000)
  eden space 65536K, 0% used [0x00000000e0000000,0x00000000e0000000,0x00000000e4000000)
  from space 11264K, 70% used [0x00000000e4000000,0x00000000e47cda28,0x00000000e4b00000)
  to   space 11264K, 0% used [0x00000000e7480000,0x00000000e7480000,0x00000000e7f80000)
 ParOldGen       total 58368K, used 9425K [0x00000000a0000000, 0x00000000a3900000, 0x00000000e0000000)
  object space 58368K, 16% used [0x00000000a0000000,0x00000000a09344a8,0x00000000a3900000)
 Metaspace       used 27287K, capacity 27978K, committed 28160K, reserved 1073152K
  class space    used 3838K, capacity 4063K, committed 4096K, reserved 1048576K
}

